\BOOKMARK [1][-]{section.1}{Introduction}{}% 1
\BOOKMARK [2][-]{subsection.1.1}{Context and Motivation}{section.1}% 2
\BOOKMARK [2][-]{subsection.1.2}{Prerequisite Knowledge and Core Texts}{section.1}% 3
\BOOKMARK [2][-]{subsection.1.3}{Project Overview}{section.1}% 4
\BOOKMARK [1][-]{section.2}{Preliminaries}{}% 5
\BOOKMARK [2][-]{subsection.2.1}{The Classical Non Relativistic String}{section.2}% 6
\BOOKMARK [2][-]{subsection.2.2}{Lorentz Covariance}{section.2}% 7
\BOOKMARK [2][-]{subsection.2.3}{Relativistic Point Particle}{section.2}% 8
\BOOKMARK [3][-]{subsubsection.2.3.1}{Relativistic Action}{subsection.2.3}% 9
\BOOKMARK [3][-]{subsubsection.2.3.2}{Equations of Motion}{subsection.2.3}% 10
\BOOKMARK [2][-]{subsection.2.4}{Relativistic Strings}{section.2}% 11
\BOOKMARK [3][-]{subsubsection.2.4.1}{Spacial Surfaces}{subsection.2.4}% 12
\BOOKMARK [3][-]{subsubsection.2.4.2}{Spacetime Surfaces}{subsection.2.4}% 13
\BOOKMARK [1][-]{section.3}{Equations of Motion}{}% 14
\BOOKMARK [2][-]{subsection.3.1}{The Static Gauge}{section.3}% 15
\BOOKMARK [2][-]{subsection.3.2}{Transverse Velocity Action}{section.3}% 16
\BOOKMARK [2][-]{subsection.3.3}{String Momentum}{section.3}% 17
\BOOKMARK [2][-]{subsection.3.4}{Lorentz Charges}{section.3}% 18
\BOOKMARK [2][-]{subsection.3.5}{Gauge Fixing}{section.3}% 19
\BOOKMARK [2][-]{subsection.3.6}{Wave Equation General Solution}{section.3}% 20
\BOOKMARK [2][-]{subsection.3.7}{The Light Cone Gauge}{section.3}% 21
\BOOKMARK [2][-]{subsection.3.8}{Light-Cone Equations of Motion}{section.3}% 22
\BOOKMARK [1][-]{section.4}{Quantizing the Relativistic Point Particle}{}% 23
\BOOKMARK [2][-]{subsection.4.1}{Point Particle Equations of Motion in the Light-Cone Gauge}{section.4}% 24
\BOOKMARK [2][-]{subsection.4.2}{Point Particle Quantum Operators}{section.4}% 25
\BOOKMARK [2][-]{subsection.4.3}{Point Particle Hamiltonian}{section.4}% 26
\BOOKMARK [2][-]{subsection.4.4}{Point Particle States and the Schr\366dinger Equation}{section.4}% 27
\BOOKMARK [1][-]{section.5}{Quantum Relativistic Strings}{}% 28
\BOOKMARK [2][-]{subsection.5.1}{String Quantum Operators}{section.5}% 29
\BOOKMARK [2][-]{subsection.5.2}{String Hamiltonian}{section.5}% 30
\BOOKMARK [2][-]{subsection.5.3}{ni as Operators}{section.5}% 31
\BOOKMARK [2][-]{subsection.5.4}{Annihilation and Creation Operators}{section.5}% 32
\BOOKMARK [2][-]{subsection.5.5}{Transverse Virasoro Operators, and the Virasoro Algebra}{section.5}% 33
\BOOKMARK [2][-]{subsection.5.6}{The Dimensionality of Spacetime in Bosonic String Theory}{section.5}% 34
\BOOKMARK [1][-]{section.6}{Loose Ends and Oddities}{}% 35
\BOOKMARK [2][-]{subsection.6.1}{A Brief Excursion into Number Theory}{section.6}% 36
\BOOKMARK [2][-]{subsection.6.2}{The String Mass and Some Basic String States}{section.6}% 37
\BOOKMARK [2][-]{subsection.6.3}{Hidden Dimensions}{section.6}% 38
\BOOKMARK [1][-]{section.7}{Conclusion}{}% 39
\BOOKMARK [1][-]{section.8}{Acknowledgements}{}% 40
